<?xml version="1.0" encoding="UTF-8"?>
<testsuite name="com.thoughtworks.wallet.RupeeTest" tests="2" skipped="0" failures="0" errors="0" timestamp="2023-07-21T04:22:46" hostname="gurushifu-gurushifugitp-kshl8h1y7rd" time="0.022">
  <properties/>
  <testcase name="shouldNotBeAbleToAddAmountWhenAmountIsNegative()" classname="com.thoughtworks.wallet.RupeeTest" time="0.015"/>
  <testcase name="shouldAbleToAddTwoRupees()" classname="com.thoughtworks.wallet.RupeeTest" time="0.006"/>
  <system-out><![CDATA[]]></system-out>
  <system-err><![CDATA[]]></system-err>
</testsuite>
